{"/Users/toe/DEV/tocpharmapacking/tocpharmapacking/src/stores/packing.ts": {"path":"/Users/toe/DEV/tocpharmapacking/tocpharmapacking/src/stores/packing.ts","statementMap":{"0":{"start":{"line":7,"column":13},"end":{"line":306,"column":null}},"1":{"start":{"line":9,"column":10},"end":{"line":9,"column":null}},"2":{"start":{"line":10,"column":10},"end":{"line":10,"column":null}},"3":{"start":{"line":11,"column":10},"end":{"line":11,"column":null}},"4":{"start":{"line":12,"column":10},"end":{"line":12,"column":null}},"5":{"start":{"line":13,"column":10},"end":{"line":13,"column":null}},"6":{"start":{"line":14,"column":10},"end":{"line":14,"column":null}},"7":{"start":{"line":15,"column":10},"end":{"line":15,"column":null}},"8":{"start":{"line":16,"column":10},"end":{"line":16,"column":null}},"9":{"start":{"line":19,"column":10},"end":{"line":26,"column":null}},"10":{"start":{"line":20,"column":8},"end":{"line":25,"column":null}},"11":{"start":{"line":21,"column":12},"end":{"line":23,"column":null}},"12":{"start":{"line":22,"column":16},"end":{"line":22,"column":null}},"13":{"start":{"line":24,"column":12},"end":{"line":24,"column":null}},"14":{"start":{"line":28,"column":10},"end":{"line":28,"column":null}},"15":{"start":{"line":28,"column":40},"end":{"line":28,"column":67}},"16":{"start":{"line":30,"column":10},"end":{"line":32,"column":null}},"17":{"start":{"line":31,"column":8},"end":{"line":31,"column":null}},"18":{"start":{"line":36,"column":8},"end":{"line":36,"column":null}},"19":{"start":{"line":37,"column":8},"end":{"line":37,"column":null}},"20":{"start":{"line":38,"column":8},"end":{"line":52,"column":null}},"21":{"start":{"line":39,"column":29},"end":{"line":39,"column":null}},"22":{"start":{"line":41,"column":12},"end":{"line":46,"column":null}},"23":{"start":{"line":42,"column":16},"end":{"line":42,"column":null}},"24":{"start":{"line":43,"column":16},"end":{"line":43,"column":null}},"25":{"start":{"line":45,"column":16},"end":{"line":45,"column":null}},"26":{"start":{"line":48,"column":12},"end":{"line":48,"column":null}},"27":{"start":{"line":49,"column":12},"end":{"line":49,"column":null}},"28":{"start":{"line":51,"column":12},"end":{"line":51,"column":null}},"29":{"start":{"line":56,"column":8},"end":{"line":56,"column":null}},"30":{"start":{"line":57,"column":8},"end":{"line":57,"column":null}},"31":{"start":{"line":58,"column":8},"end":{"line":87,"column":null}},"32":{"start":{"line":59,"column":29},"end":{"line":59,"column":null}},"33":{"start":{"line":61,"column":12},"end":{"line":81,"column":null}},"34":{"start":{"line":63,"column":16},"end":{"line":77,"column":null}},"35":{"start":{"line":68,"column":62},"end":{"line":76,"column":22}},"36":{"start":{"line":78,"column":16},"end":{"line":78,"column":null}},"37":{"start":{"line":80,"column":16},"end":{"line":80,"column":null}},"38":{"start":{"line":83,"column":12},"end":{"line":83,"column":null}},"39":{"start":{"line":84,"column":12},"end":{"line":84,"column":null}},"40":{"start":{"line":86,"column":12},"end":{"line":86,"column":null}},"41":{"start":{"line":91,"column":8},"end":{"line":94,"column":null}},"42":{"start":{"line":92,"column":12},"end":{"line":92,"column":null}},"43":{"start":{"line":93,"column":12},"end":{"line":93,"column":null}},"44":{"start":{"line":96,"column":8},"end":{"line":99,"column":null}},"45":{"start":{"line":97,"column":12},"end":{"line":97,"column":null}},"46":{"start":{"line":98,"column":12},"end":{"line":98,"column":null}},"47":{"start":{"line":101,"column":8},"end":{"line":101,"column":null}},"48":{"start":{"line":102,"column":8},"end":{"line":102,"column":null}},"49":{"start":{"line":103,"column":8},"end":{"line":162,"column":null}},"50":{"start":{"line":105,"column":18},"end":{"line":105,"column":null}},"51":{"start":{"line":107,"column":12},"end":{"line":114,"column":null}},"52":{"start":{"line":108,"column":16},"end":{"line":111,"column":null}},"53":{"start":{"line":113,"column":16},"end":{"line":113,"column":null}},"54":{"start":{"line":116,"column":12},"end":{"line":156,"column":null}},"55":{"start":{"line":117,"column":36},"end":{"line":117,"column":null}},"56":{"start":{"line":119,"column":36},"end":{"line":119,"column":null}},"57":{"start":{"line":119,"column":70},"end":{"line":119,"column":109}},"58":{"start":{"line":121,"column":16},"end":{"line":123,"column":null}},"59":{"start":{"line":122,"column":20},"end":{"line":122,"column":null}},"60":{"start":{"line":125,"column":16},"end":{"line":127,"column":null}},"61":{"start":{"line":126,"column":20},"end":{"line":126,"column":null}},"62":{"start":{"line":130,"column":47},"end":{"line":132,"column":null}},"63":{"start":{"line":131,"column":28},"end":{"line":131,"column":null}},"64":{"start":{"line":134,"column":16},"end":{"line":136,"column":null}},"65":{"start":{"line":135,"column":21},"end":{"line":135,"column":null}},"66":{"start":{"line":139,"column":48},"end":{"line":141,"column":null}},"67":{"start":{"line":140,"column":36},"end":{"line":140,"column":75}},"68":{"start":{"line":141,"column":43},"end":{"line":141,"column":64}},"69":{"start":{"line":143,"column":49},"end":{"line":145,"column":null}},"70":{"start":{"line":144,"column":36},"end":{"line":144,"column":72}},"71":{"start":{"line":147,"column":16},"end":{"line":149,"column":null}},"72":{"start":{"line":148,"column":20},"end":{"line":148,"column":null}},"73":{"start":{"line":151,"column":16},"end":{"line":151,"column":null}},"74":{"start":{"line":152,"column":16},"end":{"line":152,"column":null}},"75":{"start":{"line":153,"column":16},"end":{"line":153,"column":null}},"76":{"start":{"line":155,"column":16},"end":{"line":155,"column":null}},"77":{"start":{"line":158,"column":12},"end":{"line":158,"column":null}},"78":{"start":{"line":159,"column":12},"end":{"line":159,"column":null}},"79":{"start":{"line":161,"column":12},"end":{"line":161,"column":null}},"80":{"start":{"line":166,"column":22},"end":{"line":166,"column":null}},"81":{"start":{"line":167,"column":8},"end":{"line":170,"column":null}},"82":{"start":{"line":168,"column":12},"end":{"line":168,"column":null}},"83":{"start":{"line":169,"column":12},"end":{"line":169,"column":null}},"84":{"start":{"line":174,"column":8},"end":{"line":174,"column":null}},"85":{"start":{"line":175,"column":8},"end":{"line":240,"column":null}},"86":{"start":{"line":176,"column":12},"end":{"line":178,"column":null}},"87":{"start":{"line":177,"column":16},"end":{"line":177,"column":null}},"88":{"start":{"line":181,"column":35},"end":{"line":184,"column":null}},"89":{"start":{"line":181,"column":68},"end":{"line":184,"column":14}},"90":{"start":{"line":186,"column":35},"end":{"line":219,"column":null}},"91":{"start":{"line":187,"column":35},"end":{"line":187,"column":null}},"92":{"start":{"line":189,"column":16},"end":{"line":191,"column":null}},"93":{"start":{"line":190,"column":20},"end":{"line":190,"column":null}},"94":{"start":{"line":194,"column":41},"end":{"line":196,"column":null}},"95":{"start":{"line":195,"column":20},"end":{"line":195,"column":null}},"96":{"start":{"line":198,"column":16},"end":{"line":200,"column":null}},"97":{"start":{"line":199,"column":21},"end":{"line":199,"column":null}},"98":{"start":{"line":202,"column":36},"end":{"line":202,"column":null}},"99":{"start":{"line":205,"column":16},"end":{"line":218,"column":null}},"100":{"start":{"line":206,"column":20},"end":{"line":206,"column":null}},"101":{"start":{"line":208,"column":20},"end":{"line":215,"column":null}},"102":{"start":{"line":217,"column":20},"end":{"line":217,"column":null}},"103":{"start":{"line":221,"column":28},"end":{"line":225,"column":null}},"104":{"start":{"line":227,"column":29},"end":{"line":227,"column":null}},"105":{"start":{"line":229,"column":12},"end":{"line":234,"column":null}},"106":{"start":{"line":230,"column":16},"end":{"line":230,"column":null}},"107":{"start":{"line":231,"column":16},"end":{"line":231,"column":null}},"108":{"start":{"line":233,"column":16},"end":{"line":233,"column":null}},"109":{"start":{"line":236,"column":12},"end":{"line":236,"column":null}},"110":{"start":{"line":237,"column":12},"end":{"line":237,"column":null}},"111":{"start":{"line":239,"column":12},"end":{"line":239,"column":null}},"112":{"start":{"line":244,"column":8},"end":{"line":244,"column":null}},"113":{"start":{"line":245,"column":8},"end":{"line":245,"column":null}},"114":{"start":{"line":246,"column":8},"end":{"line":254,"column":null}},"115":{"start":{"line":247,"column":29},"end":{"line":247,"column":null}},"116":{"start":{"line":248,"column":12},"end":{"line":248,"column":null}},"117":{"start":{"line":250,"column":12},"end":{"line":250,"column":null}},"118":{"start":{"line":251,"column":12},"end":{"line":251,"column":null}},"119":{"start":{"line":253,"column":12},"end":{"line":253,"column":null}},"120":{"start":{"line":258,"column":8},"end":{"line":258,"column":null}},"121":{"start":{"line":259,"column":8},"end":{"line":259,"column":null}},"122":{"start":{"line":260,"column":8},"end":{"line":260,"column":null}},"123":{"start":{"line":261,"column":8},"end":{"line":261,"column":null}},"124":{"start":{"line":262,"column":8},"end":{"line":262,"column":null}},"125":{"start":{"line":263,"column":8},"end":{"line":263,"column":null}},"126":{"start":{"line":264,"column":8},"end":{"line":264,"column":null}},"127":{"start":{"line":268,"column":8},"end":{"line":268,"column":null}},"128":{"start":{"line":269,"column":8},"end":{"line":269,"column":null}},"129":{"start":{"line":270,"column":8},"end":{"line":270,"column":null}},"130":{"start":{"line":271,"column":8},"end":{"line":271,"column":null}},"131":{"start":{"line":275,"column":8},"end":{"line":275,"column":null}},"132":{"start":{"line":276,"column":8},"end":{"line":276,"column":null}},"133":{"start":{"line":277,"column":8},"end":{"line":277,"column":null}},"134":{"start":{"line":278,"column":8},"end":{"line":278,"column":null}},"135":{"start":{"line":279,"column":8},"end":{"line":279,"column":null}},"136":{"start":{"line":280,"column":8},"end":{"line":280,"column":null}},"137":{"start":{"line":284,"column":4},"end":{"line":305,"column":null}}},"fnMap":{"0":{"name":"(anonymous_0)","decl":{"start":{"line":7,"column":54},"end":{"line":7,"column":60}},"loc":{"start":{"line":7,"column":60},"end":{"line":306,"column":1}},"line":7},"1":{"name":"(anonymous_1)","decl":{"start":{"line":19,"column":33},"end":{"line":19,"column":39}},"loc":{"start":{"line":19,"column":39},"end":{"line":26,"column":5}},"line":19},"2":{"name":"(anonymous_2)","decl":{"start":{"line":20,"column":43},"end":{"line":20,"column":44}},"loc":{"start":{"line":20,"column":58},"end":{"line":25,"column":11}},"line":20},"3":{"name":"(anonymous_3)","decl":{"start":{"line":28,"column":34},"end":{"line":28,"column":40}},"loc":{"start":{"line":28,"column":40},"end":{"line":28,"column":67}},"line":28},"4":{"name":"(anonymous_4)","decl":{"start":{"line":30,"column":32},"end":{"line":30,"column":38}},"loc":{"start":{"line":30,"column":38},"end":{"line":32,"column":5}},"line":30},"5":{"name":"validateEmployee","decl":{"start":{"line":35,"column":19},"end":{"line":35,"column":36}},"loc":{"start":{"line":35,"column":50},"end":{"line":53,"column":null}},"line":35},"6":{"name":"getInvoiceDetails","decl":{"start":{"line":55,"column":19},"end":{"line":55,"column":37}},"loc":{"start":{"line":55,"column":56},"end":{"line":88,"column":null}},"line":55},"7":{"name":"(anonymous_7)","decl":{"start":{"line":68,"column":53},"end":{"line":68,"column":62}},"loc":{"start":{"line":68,"column":62},"end":{"line":76,"column":22}},"line":68},"8":{"name":"scanProduct","decl":{"start":{"line":90,"column":19},"end":{"line":90,"column":31}},"loc":{"start":{"line":90,"column":47},"end":{"line":163,"column":null}},"line":90},"9":{"name":"(anonymous_9)","decl":{"start":{"line":119,"column":62},"end":{"line":119,"column":70}},"loc":{"start":{"line":119,"column":70},"end":{"line":119,"column":109}},"line":119},"10":{"name":"(anonymous_10)","decl":{"start":{"line":131,"column":20},"end":{"line":131,"column":28}},"loc":{"start":{"line":131,"column":28},"end":{"line":131,"column":null}},"line":131},"11":{"name":"(anonymous_11)","decl":{"start":{"line":140,"column":28},"end":{"line":140,"column":36}},"loc":{"start":{"line":140,"column":36},"end":{"line":140,"column":75}},"line":140},"12":{"name":"(anonymous_12)","decl":{"start":{"line":141,"column":28},"end":{"line":141,"column":29}},"loc":{"start":{"line":141,"column":43},"end":{"line":141,"column":64}},"line":141},"13":{"name":"(anonymous_13)","decl":{"start":{"line":144,"column":28},"end":{"line":144,"column":36}},"loc":{"start":{"line":144,"column":36},"end":{"line":144,"column":72}},"line":144},"14":{"name":"removeSerial","decl":{"start":{"line":165,"column":13},"end":{"line":165,"column":26}},"loc":{"start":{"line":165,"column":42},"end":{"line":171,"column":null}},"line":165},"15":{"name":"confirmPacking","decl":{"start":{"line":173,"column":19},"end":{"line":173,"column":36}},"loc":{"start":{"line":173,"column":36},"end":{"line":241,"column":null}},"line":173},"16":{"name":"(anonymous_16)","decl":{"start":{"line":181,"column":59},"end":{"line":181,"column":68}},"loc":{"start":{"line":181,"column":68},"end":{"line":184,"column":14}},"line":181},"17":{"name":"(anonymous_17)","decl":{"start":{"line":186,"column":60},"end":{"line":186,"column":61}},"loc":{"start":{"line":186,"column":79},"end":{"line":219,"column":13}},"line":186},"18":{"name":"(anonymous_18)","decl":{"start":{"line":194,"column":66},"end":{"line":194,"column":null}},"loc":{"start":{"line":195,"column":20},"end":{"line":195,"column":null}},"line":195},"19":{"name":"getPackingPrintData","decl":{"start":{"line":243,"column":19},"end":{"line":243,"column":39}},"loc":{"start":{"line":243,"column":58},"end":{"line":255,"column":null}},"line":243},"20":{"name":"reset","decl":{"start":{"line":257,"column":13},"end":{"line":257,"column":21}},"loc":{"start":{"line":257,"column":21},"end":{"line":265,"column":null}},"line":257},"21":{"name":"resetScanning","decl":{"start":{"line":267,"column":13},"end":{"line":267,"column":29}},"loc":{"start":{"line":267,"column":29},"end":{"line":272,"column":null}},"line":267},"22":{"name":"changeInvoice","decl":{"start":{"line":274,"column":13},"end":{"line":274,"column":29}},"loc":{"start":{"line":274,"column":29},"end":{"line":282,"column":null}},"line":274}},"branchMap":{"0":{"loc":{"start":{"line":20,"column":15},"end":{"line":25,"column":null}},"type":"binary-expr","locations":[{"start":{"line":20,"column":15},"end":{"line":25,"column":17}},{"start":{"line":25,"column":17},"end":{"line":25,"column":null}}],"line":20},"1":{"loc":{"start":{"line":21,"column":12},"end":{"line":23,"column":null}},"type":"if","locations":[{"start":{"line":21,"column":12},"end":{"line":23,"column":null}},{"start":{},"end":{}}],"line":21},"2":{"loc":{"start":{"line":31,"column":15},"end":{"line":31,"column":null}},"type":"binary-expr","locations":[{"start":{"line":31,"column":15},"end":{"line":31,"column":59}},{"start":{"line":31,"column":59},"end":{"line":31,"column":null}}],"line":31},"3":{"loc":{"start":{"line":41,"column":12},"end":{"line":46,"column":null}},"type":"if","locations":[{"start":{"line":41,"column":12},"end":{"line":46,"column":null}},{"start":{"line":44,"column":19},"end":{"line":46,"column":null}}],"line":41},"4":{"loc":{"start":{"line":41,"column":16},"end":{"line":41,"column":65}},"type":"binary-expr","locations":[{"start":{"line":41,"column":16},"end":{"line":41,"column":41}},{"start":{"line":41,"column":41},"end":{"line":41,"column":65}}],"line":41},"5":{"loc":{"start":{"line":48,"column":26},"end":{"line":48,"column":null}},"type":"binary-expr","locations":[{"start":{"line":48,"column":26},"end":{"line":48,"column":55}},{"start":{"line":48,"column":55},"end":{"line":48,"column":68}},{"start":{"line":48,"column":68},"end":{"line":48,"column":null}}],"line":48},"6":{"loc":{"start":{"line":61,"column":12},"end":{"line":81,"column":null}},"type":"if","locations":[{"start":{"line":61,"column":12},"end":{"line":81,"column":null}},{"start":{"line":79,"column":19},"end":{"line":81,"column":null}}],"line":61},"7":{"loc":{"start":{"line":61,"column":16},"end":{"line":61,"column":55}},"type":"binary-expr","locations":[{"start":{"line":61,"column":16},"end":{"line":61,"column":33}},{"start":{"line":61,"column":33},"end":{"line":61,"column":55}}],"line":61},"8":{"loc":{"start":{"line":65,"column":35},"end":{"line":65,"column":null}},"type":"binary-expr","locations":[{"start":{"line":65,"column":35},"end":{"line":65,"column":71}},{"start":{"line":65,"column":71},"end":{"line":65,"column":null}}],"line":65},"9":{"loc":{"start":{"line":71,"column":34},"end":{"line":71,"column":null}},"type":"binary-expr","locations":[{"start":{"line":71,"column":34},"end":{"line":71,"column":60}},{"start":{"line":71,"column":60},"end":{"line":71,"column":null}}],"line":71},"10":{"loc":{"start":{"line":73,"column":41},"end":{"line":73,"column":null}},"type":"binary-expr","locations":[{"start":{"line":73,"column":41},"end":{"line":73,"column":61}},{"start":{"line":73,"column":61},"end":{"line":73,"column":null}}],"line":73},"11":{"loc":{"start":{"line":83,"column":26},"end":{"line":83,"column":null}},"type":"binary-expr","locations":[{"start":{"line":83,"column":26},"end":{"line":83,"column":55}},{"start":{"line":83,"column":55},"end":{"line":83,"column":68}},{"start":{"line":83,"column":68},"end":{"line":83,"column":null}}],"line":83},"12":{"loc":{"start":{"line":91,"column":8},"end":{"line":94,"column":null}},"type":"if","locations":[{"start":{"line":91,"column":8},"end":{"line":94,"column":null}},{"start":{},"end":{}}],"line":91},"13":{"loc":{"start":{"line":96,"column":8},"end":{"line":99,"column":null}},"type":"if","locations":[{"start":{"line":96,"column":8},"end":{"line":99,"column":null}},{"start":{},"end":{}}],"line":96},"14":{"loc":{"start":{"line":107,"column":12},"end":{"line":114,"column":null}},"type":"if","locations":[{"start":{"line":107,"column":12},"end":{"line":114,"column":null}},{"start":{"line":112,"column":19},"end":{"line":114,"column":null}}],"line":107},"15":{"loc":{"start":{"line":116,"column":12},"end":{"line":156,"column":null}},"type":"if","locations":[{"start":{"line":116,"column":12},"end":{"line":156,"column":null}},{"start":{"line":154,"column":19},"end":{"line":156,"column":null}}],"line":116},"16":{"loc":{"start":{"line":116,"column":16},"end":{"line":116,"column":61}},"type":"binary-expr","locations":[{"start":{"line":116,"column":16},"end":{"line":116,"column":41}},{"start":{"line":116,"column":41},"end":{"line":116,"column":61}}],"line":116},"17":{"loc":{"start":{"line":121,"column":16},"end":{"line":123,"column":null}},"type":"if","locations":[{"start":{"line":121,"column":16},"end":{"line":123,"column":null}},{"start":{},"end":{}}],"line":121},"18":{"loc":{"start":{"line":125,"column":16},"end":{"line":127,"column":null}},"type":"if","locations":[{"start":{"line":125,"column":16},"end":{"line":127,"column":null}},{"start":{},"end":{}}],"line":125},"19":{"loc":{"start":{"line":131,"column":28},"end":{"line":131,"column":null}},"type":"binary-expr","locations":[{"start":{"line":131,"column":28},"end":{"line":131,"column":68}},{"start":{"line":131,"column":68},"end":{"line":131,"column":null}}],"line":131},"20":{"loc":{"start":{"line":134,"column":16},"end":{"line":136,"column":null}},"type":"if","locations":[{"start":{"line":134,"column":16},"end":{"line":136,"column":null}},{"start":{},"end":{}}],"line":134},"21":{"loc":{"start":{"line":139,"column":48},"end":{"line":141,"column":null}},"type":"binary-expr","locations":[{"start":{"line":139,"column":48},"end":{"line":141,"column":70}},{"start":{"line":141,"column":70},"end":{"line":141,"column":null}}],"line":139},"22":{"loc":{"start":{"line":147,"column":16},"end":{"line":149,"column":null}},"type":"if","locations":[{"start":{"line":147,"column":16},"end":{"line":149,"column":null}},{"start":{},"end":{}}],"line":147},"23":{"loc":{"start":{"line":155,"column":32},"end":{"line":155,"column":73}},"type":"binary-expr","locations":[{"start":{"line":155,"column":32},"end":{"line":155,"column":57}},{"start":{"line":155,"column":57},"end":{"line":155,"column":73}}],"line":155},"24":{"loc":{"start":{"line":158,"column":26},"end":{"line":158,"column":null}},"type":"binary-expr","locations":[{"start":{"line":158,"column":26},"end":{"line":158,"column":55}},{"start":{"line":158,"column":55},"end":{"line":158,"column":68}},{"start":{"line":158,"column":68},"end":{"line":158,"column":null}}],"line":158},"25":{"loc":{"start":{"line":167,"column":8},"end":{"line":170,"column":null}},"type":"if","locations":[{"start":{"line":167,"column":8},"end":{"line":170,"column":null}},{"start":{},"end":{}}],"line":167},"26":{"loc":{"start":{"line":176,"column":12},"end":{"line":178,"column":null}},"type":"if","locations":[{"start":{"line":176,"column":12},"end":{"line":178,"column":null}},{"start":{},"end":{}}],"line":176},"27":{"loc":{"start":{"line":176,"column":16},"end":{"line":176,"column":51}},"type":"binary-expr","locations":[{"start":{"line":176,"column":16},"end":{"line":176,"column":34}},{"start":{"line":176,"column":34},"end":{"line":176,"column":51}}],"line":176},"28":{"loc":{"start":{"line":189,"column":16},"end":{"line":191,"column":null}},"type":"if","locations":[{"start":{"line":189,"column":16},"end":{"line":191,"column":null}},{"start":{},"end":{}}],"line":189},"29":{"loc":{"start":{"line":195,"column":20},"end":{"line":195,"column":null}},"type":"binary-expr","locations":[{"start":{"line":195,"column":20},"end":{"line":195,"column":62}},{"start":{"line":195,"column":62},"end":{"line":195,"column":null}}],"line":195},"30":{"loc":{"start":{"line":198,"column":16},"end":{"line":200,"column":null}},"type":"if","locations":[{"start":{"line":198,"column":16},"end":{"line":200,"column":null}},{"start":{},"end":{}}],"line":198},"31":{"loc":{"start":{"line":205,"column":16},"end":{"line":218,"column":null}},"type":"if","locations":[{"start":{"line":205,"column":16},"end":{"line":218,"column":null}},{"start":{"line":216,"column":23},"end":{"line":218,"column":null}}],"line":205},"32":{"loc":{"start":{"line":229,"column":12},"end":{"line":234,"column":null}},"type":"if","locations":[{"start":{"line":229,"column":12},"end":{"line":234,"column":null}},{"start":{"line":232,"column":19},"end":{"line":234,"column":null}}],"line":229},"33":{"loc":{"start":{"line":236,"column":26},"end":{"line":236,"column":null}},"type":"binary-expr","locations":[{"start":{"line":236,"column":26},"end":{"line":236,"column":55}},{"start":{"line":236,"column":55},"end":{"line":236,"column":68}},{"start":{"line":236,"column":68},"end":{"line":236,"column":null}}],"line":236},"34":{"loc":{"start":{"line":250,"column":26},"end":{"line":250,"column":null}},"type":"binary-expr","locations":[{"start":{"line":250,"column":26},"end":{"line":250,"column":55}},{"start":{"line":250,"column":55},"end":{"line":250,"column":68}},{"start":{"line":250,"column":68},"end":{"line":250,"column":null}}],"line":250}},"s":{"0":1,"1":7,"2":7,"3":7,"4":7,"5":7,"6":7,"7":7,"8":7,"9":7,"10":1,"11":2,"12":2,"13":0,"14":7,"15":4,"16":7,"17":0,"18":2,"19":2,"20":2,"21":2,"22":1,"23":1,"24":1,"25":0,"26":1,"27":1,"28":2,"29":3,"30":3,"31":3,"32":3,"33":3,"34":3,"35":6,"36":3,"37":0,"38":0,"39":0,"40":3,"41":4,"42":0,"43":0,"44":4,"45":0,"46":0,"47":4,"48":4,"49":4,"50":4,"51":4,"52":0,"53":4,"54":4,"55":4,"56":4,"57":8,"58":4,"59":0,"60":4,"61":0,"62":4,"63":6,"64":4,"65":0,"66":4,"67":8,"68":4,"69":4,"70":6,"71":4,"72":1,"73":3,"74":3,"75":3,"76":0,"77":1,"78":1,"79":4,"80":0,"81":0,"82":0,"83":0,"84":2,"85":2,"86":2,"87":0,"88":2,"89":4,"90":2,"91":4,"92":4,"93":0,"94":4,"95":6,"96":4,"97":0,"98":4,"99":4,"100":4,"101":4,"102":0,"103":2,"104":2,"105":2,"106":2,"107":2,"108":0,"109":0,"110":0,"111":2,"112":1,"113":1,"114":1,"115":1,"116":1,"117":0,"118":0,"119":1,"120":0,"121":0,"122":0,"123":0,"124":0,"125":0,"126":0,"127":0,"128":0,"129":0,"130":0,"131":0,"132":0,"133":0,"134":0,"135":0,"136":0,"137":7},"f":{"0":7,"1":1,"2":2,"3":4,"4":0,"5":2,"6":3,"7":6,"8":4,"9":8,"10":6,"11":8,"12":4,"13":6,"14":0,"15":2,"16":4,"17":4,"18":6,"19":1,"20":0,"21":0,"22":0},"b":{"0":[1,0],"1":[2,0],"2":[0,0],"3":[1,0],"4":[1,1],"5":[1,0,0],"6":[3,0],"7":[3,3],"8":[3,0],"9":[6,0],"10":[6,0],"11":[0,0,0],"12":[0,4],"13":[0,4],"14":[0,4],"15":[4,0],"16":[4,4],"17":[0,4],"18":[0,4],"19":[6,6],"20":[0,4],"21":[4,0],"22":[1,3],"23":[0,0],"24":[1,1,0],"25":[0,0],"26":[0,2],"27":[2,2],"28":[0,4],"29":[6,5],"30":[0,4],"31":[4,0],"32":[2,0],"33":[0,0,0],"34":[0,0,0]},"meta":{"lastBranch":35,"lastFunction":23,"lastStatement":138,"seen":{"s:7:13:306:Infinity":0,"f:7:54:7:60":0,"s:9:10:9:Infinity":1,"s:10:10:10:Infinity":2,"s:11:10:11:Infinity":3,"s:12:10:12:Infinity":4,"s:13:10:13:Infinity":5,"s:14:10:14:Infinity":6,"s:15:10:15:Infinity":7,"s:16:10:16:Infinity":8,"s:19:10:26:Infinity":9,"f:19:33:19:39":1,"s:20:8:25:Infinity":10,"b:20:15:25:17:25:17:25:Infinity":0,"f:20:43:20:44":2,"b:21:12:23:Infinity:undefined:undefined:undefined:undefined":1,"s:21:12:23:Infinity":11,"s:22:16:22:Infinity":12,"s:24:12:24:Infinity":13,"s:28:10:28:Infinity":14,"f:28:34:28:40":3,"s:28:40:28:67":15,"s:30:10:32:Infinity":16,"f:30:32:30:38":4,"s:31:8:31:Infinity":17,"b:31:15:31:59:31:59:31:Infinity":2,"f:35:19:35:36":5,"s:36:8:36:Infinity":18,"s:37:8:37:Infinity":19,"s:38:8:52:Infinity":20,"s:39:29:39:Infinity":21,"b:41:12:46:Infinity:44:19:46:Infinity":3,"s:41:12:46:Infinity":22,"b:41:16:41:41:41:41:41:65":4,"s:42:16:42:Infinity":23,"s:43:16:43:Infinity":24,"s:45:16:45:Infinity":25,"s:48:12:48:Infinity":26,"b:48:26:48:55:48:55:48:68:48:68:48:Infinity":5,"s:49:12:49:Infinity":27,"s:51:12:51:Infinity":28,"f:55:19:55:37":6,"s:56:8:56:Infinity":29,"s:57:8:57:Infinity":30,"s:58:8:87:Infinity":31,"s:59:29:59:Infinity":32,"b:61:12:81:Infinity:79:19:81:Infinity":6,"s:61:12:81:Infinity":33,"b:61:16:61:33:61:33:61:55":7,"s:63:16:77:Infinity":34,"b:65:35:65:71:65:71:65:Infinity":8,"f:68:53:68:62":7,"s:68:62:76:22":35,"b:71:34:71:60:71:60:71:Infinity":9,"b:73:41:73:61:73:61:73:Infinity":10,"s:78:16:78:Infinity":36,"s:80:16:80:Infinity":37,"s:83:12:83:Infinity":38,"b:83:26:83:55:83:55:83:68:83:68:83:Infinity":11,"s:84:12:84:Infinity":39,"s:86:12:86:Infinity":40,"f:90:19:90:31":8,"b:91:8:94:Infinity:undefined:undefined:undefined:undefined":12,"s:91:8:94:Infinity":41,"s:92:12:92:Infinity":42,"s:93:12:93:Infinity":43,"b:96:8:99:Infinity:undefined:undefined:undefined:undefined":13,"s:96:8:99:Infinity":44,"s:97:12:97:Infinity":45,"s:98:12:98:Infinity":46,"s:101:8:101:Infinity":47,"s:102:8:102:Infinity":48,"s:103:8:162:Infinity":49,"s:105:18:105:Infinity":50,"b:107:12:114:Infinity:112:19:114:Infinity":14,"s:107:12:114:Infinity":51,"s:108:16:111:Infinity":52,"s:113:16:113:Infinity":53,"b:116:12:156:Infinity:154:19:156:Infinity":15,"s:116:12:156:Infinity":54,"b:116:16:116:41:116:41:116:61":16,"s:117:36:117:Infinity":55,"s:119:36:119:Infinity":56,"f:119:62:119:70":9,"s:119:70:119:109":57,"b:121:16:123:Infinity:undefined:undefined:undefined:undefined":17,"s:121:16:123:Infinity":58,"s:122:20:122:Infinity":59,"b:125:16:127:Infinity:undefined:undefined:undefined:undefined":18,"s:125:16:127:Infinity":60,"s:126:20:126:Infinity":61,"s:130:47:132:Infinity":62,"f:131:20:131:28":10,"s:131:28:131:Infinity":63,"b:131:28:131:68:131:68:131:Infinity":19,"b:134:16:136:Infinity:undefined:undefined:undefined:undefined":20,"s:134:16:136:Infinity":64,"s:135:21:135:Infinity":65,"s:139:48:141:Infinity":66,"b:139:48:141:70:141:70:141:Infinity":21,"f:140:28:140:36":11,"s:140:36:140:75":67,"f:141:28:141:29":12,"s:141:43:141:64":68,"s:143:49:145:Infinity":69,"f:144:28:144:36":13,"s:144:36:144:72":70,"b:147:16:149:Infinity:undefined:undefined:undefined:undefined":22,"s:147:16:149:Infinity":71,"s:148:20:148:Infinity":72,"s:151:16:151:Infinity":73,"s:152:16:152:Infinity":74,"s:153:16:153:Infinity":75,"s:155:16:155:Infinity":76,"b:155:32:155:57:155:57:155:73":23,"s:158:12:158:Infinity":77,"b:158:26:158:55:158:55:158:68:158:68:158:Infinity":24,"s:159:12:159:Infinity":78,"s:161:12:161:Infinity":79,"f:165:13:165:26":14,"s:166:22:166:Infinity":80,"b:167:8:170:Infinity:undefined:undefined:undefined:undefined":25,"s:167:8:170:Infinity":81,"s:168:12:168:Infinity":82,"s:169:12:169:Infinity":83,"f:173:19:173:36":15,"s:174:8:174:Infinity":84,"s:175:8:240:Infinity":85,"b:176:12:178:Infinity:undefined:undefined:undefined:undefined":26,"s:176:12:178:Infinity":86,"b:176:16:176:34:176:34:176:51":27,"s:177:16:177:Infinity":87,"s:181:35:184:Infinity":88,"f:181:59:181:68":16,"s:181:68:184:14":89,"s:186:35:219:Infinity":90,"f:186:60:186:61":17,"s:187:35:187:Infinity":91,"b:189:16:191:Infinity:undefined:undefined:undefined:undefined":28,"s:189:16:191:Infinity":92,"s:190:20:190:Infinity":93,"s:194:41:196:Infinity":94,"f:194:66:194:Infinity":18,"s:195:20:195:Infinity":95,"b:195:20:195:62:195:62:195:Infinity":29,"b:198:16:200:Infinity:undefined:undefined:undefined:undefined":30,"s:198:16:200:Infinity":96,"s:199:21:199:Infinity":97,"s:202:36:202:Infinity":98,"b:205:16:218:Infinity:216:23:218:Infinity":31,"s:205:16:218:Infinity":99,"s:206:20:206:Infinity":100,"s:208:20:215:Infinity":101,"s:217:20:217:Infinity":102,"s:221:28:225:Infinity":103,"s:227:29:227:Infinity":104,"b:229:12:234:Infinity:232:19:234:Infinity":32,"s:229:12:234:Infinity":105,"s:230:16:230:Infinity":106,"s:231:16:231:Infinity":107,"s:233:16:233:Infinity":108,"s:236:12:236:Infinity":109,"b:236:26:236:55:236:55:236:68:236:68:236:Infinity":33,"s:237:12:237:Infinity":110,"s:239:12:239:Infinity":111,"f:243:19:243:39":19,"s:244:8:244:Infinity":112,"s:245:8:245:Infinity":113,"s:246:8:254:Infinity":114,"s:247:29:247:Infinity":115,"s:248:12:248:Infinity":116,"s:250:12:250:Infinity":117,"b:250:26:250:55:250:55:250:68:250:68:250:Infinity":34,"s:251:12:251:Infinity":118,"s:253:12:253:Infinity":119,"f:257:13:257:21":20,"s:258:8:258:Infinity":120,"s:259:8:259:Infinity":121,"s:260:8:260:Infinity":122,"s:261:8:261:Infinity":123,"s:262:8:262:Infinity":124,"s:263:8:263:Infinity":125,"s:264:8:264:Infinity":126,"f:267:13:267:29":21,"s:268:8:268:Infinity":127,"s:269:8:269:Infinity":128,"s:270:8:270:Infinity":129,"s:271:8:271:Infinity":130,"f:274:13:274:29":22,"s:275:8:275:Infinity":131,"s:276:8:276:Infinity":132,"s:277:8:277:Infinity":133,"s:278:8:278:Infinity":134,"s:279:8:279:Infinity":135,"s:280:8:280:Infinity":136,"s:284:4:305:Infinity":137}}}
,"/Users/toe/DEV/tocpharmapacking/tocpharmapacking/src/utils/barcode.ts": {"path":"/Users/toe/DEV/tocpharmapacking/tocpharmapacking/src/utils/barcode.ts","statementMap":{"0":{"start":{"line":9,"column":4},"end":{"line":11,"column":null}},"1":{"start":{"line":10,"column":8},"end":{"line":10,"column":null}},"2":{"start":{"line":17,"column":30},"end":{"line":17,"column":null}},"3":{"start":{"line":18,"column":24},"end":{"line":18,"column":null}},"4":{"start":{"line":19,"column":4},"end":{"line":24,"column":null}},"5":{"start":{"line":20,"column":8},"end":{"line":23,"column":null}},"6":{"start":{"line":28,"column":4},"end":{"line":64,"column":null}},"7":{"start":{"line":29,"column":21},"end":{"line":29,"column":null}},"8":{"start":{"line":30,"column":21},"end":{"line":30,"column":null}},"9":{"start":{"line":33,"column":8},"end":{"line":43,"column":null}},"10":{"start":{"line":34,"column":21},"end":{"line":34,"column":null}},"11":{"start":{"line":35,"column":28},"end":{"line":35,"column":null}},"12":{"start":{"line":36,"column":12},"end":{"line":38,"column":null}},"13":{"start":{"line":37,"column":16},"end":{"line":37,"column":null}},"14":{"start":{"line":39,"column":12},"end":{"line":42,"column":null}},"15":{"start":{"line":48,"column":27},"end":{"line":48,"column":null}},"16":{"start":{"line":49,"column":8},"end":{"line":60,"column":null}},"17":{"start":{"line":51,"column":22},"end":{"line":51,"column":null}},"18":{"start":{"line":52,"column":29},"end":{"line":52,"column":null}},"19":{"start":{"line":53,"column":13},"end":{"line":55,"column":null}},"20":{"start":{"line":54,"column":17},"end":{"line":54,"column":null}},"21":{"start":{"line":56,"column":13},"end":{"line":59,"column":null}},"22":{"start":{"line":66,"column":4},"end":{"line":66,"column":null}}},"fnMap":{"0":{"name":"parseAIDataMatrix","decl":{"start":{"line":6,"column":16},"end":{"line":6,"column":34}},"loc":{"start":{"line":6,"column":73},"end":{"line":67,"column":null}},"line":6}},"branchMap":{"0":{"loc":{"start":{"line":9,"column":4},"end":{"line":11,"column":null}},"type":"if","locations":[{"start":{"line":9,"column":4},"end":{"line":11,"column":null}},{"start":{},"end":{}}],"line":9},"1":{"loc":{"start":{"line":19,"column":4},"end":{"line":24,"column":null}},"type":"if","locations":[{"start":{"line":19,"column":4},"end":{"line":24,"column":null}},{"start":{},"end":{}}],"line":19},"2":{"loc":{"start":{"line":19,"column":8},"end":{"line":19,"column":57}},"type":"binary-expr","locations":[{"start":{"line":19,"column":8},"end":{"line":19,"column":23}},{"start":{"line":19,"column":23},"end":{"line":19,"column":41}},{"start":{"line":19,"column":41},"end":{"line":19,"column":57}}],"line":19},"3":{"loc":{"start":{"line":28,"column":4},"end":{"line":64,"column":null}},"type":"if","locations":[{"start":{"line":28,"column":4},"end":{"line":64,"column":null}},{"start":{},"end":{}}],"line":28},"4":{"loc":{"start":{"line":28,"column":8},"end":{"line":28,"column":57}},"type":"binary-expr","locations":[{"start":{"line":28,"column":8},"end":{"line":28,"column":36}},{"start":{"line":28,"column":36},"end":{"line":28,"column":57}}],"line":28},"5":{"loc":{"start":{"line":33,"column":8},"end":{"line":43,"column":null}},"type":"if","locations":[{"start":{"line":33,"column":8},"end":{"line":43,"column":null}},{"start":{},"end":{}}],"line":33},"6":{"loc":{"start":{"line":36,"column":12},"end":{"line":38,"column":null}},"type":"if","locations":[{"start":{"line":36,"column":12},"end":{"line":38,"column":null}},{"start":{},"end":{}}],"line":36},"7":{"loc":{"start":{"line":49,"column":8},"end":{"line":60,"column":null}},"type":"if","locations":[{"start":{"line":49,"column":8},"end":{"line":60,"column":null}},{"start":{},"end":{}}],"line":49},"8":{"loc":{"start":{"line":49,"column":12},"end":{"line":49,"column":41}},"type":"binary-expr","locations":[{"start":{"line":49,"column":12},"end":{"line":49,"column":26}},{"start":{"line":49,"column":26},"end":{"line":49,"column":41}}],"line":49},"9":{"loc":{"start":{"line":53,"column":13},"end":{"line":55,"column":null}},"type":"if","locations":[{"start":{"line":53,"column":13},"end":{"line":55,"column":null}},{"start":{},"end":{}}],"line":53}},"s":{"0":10,"1":2,"2":10,"3":10,"4":10,"5":1,"6":9,"7":4,"8":4,"9":4,"10":1,"11":1,"12":1,"13":0,"14":1,"15":3,"16":3,"17":3,"18":3,"19":3,"20":0,"21":3,"22":5},"f":{"0":10},"b":{"0":[2,8],"1":[1,9],"2":[10,1,1],"3":[4,5],"4":[9,4],"5":[1,3],"6":[0,1],"7":[3,0],"8":[3,3],"9":[0,3]},"meta":{"lastBranch":10,"lastFunction":1,"lastStatement":23,"seen":{"f:6:16:6:34":0,"b:9:4:11:Infinity:undefined:undefined:undefined:undefined":0,"s:9:4:11:Infinity":0,"s:10:8:10:Infinity":1,"s:17:30:17:Infinity":2,"s:18:24:18:Infinity":3,"b:19:4:24:Infinity:undefined:undefined:undefined:undefined":1,"s:19:4:24:Infinity":4,"b:19:8:19:23:19:23:19:41:19:41:19:57":2,"s:20:8:23:Infinity":5,"b:28:4:64:Infinity:undefined:undefined:undefined:undefined":3,"s:28:4:64:Infinity":6,"b:28:8:28:36:28:36:28:57":4,"s:29:21:29:Infinity":7,"s:30:21:30:Infinity":8,"b:33:8:43:Infinity:undefined:undefined:undefined:undefined":5,"s:33:8:43:Infinity":9,"s:34:21:34:Infinity":10,"s:35:28:35:Infinity":11,"b:36:12:38:Infinity:undefined:undefined:undefined:undefined":6,"s:36:12:38:Infinity":12,"s:37:16:37:Infinity":13,"s:39:12:42:Infinity":14,"s:48:27:48:Infinity":15,"b:49:8:60:Infinity:undefined:undefined:undefined:undefined":7,"s:49:8:60:Infinity":16,"b:49:12:49:26:49:26:49:41":8,"s:51:22:51:Infinity":17,"s:52:29:52:Infinity":18,"b:53:13:55:Infinity:undefined:undefined:undefined:undefined":9,"s:53:13:55:Infinity":19,"s:54:17:54:Infinity":20,"s:56:13:59:Infinity":21,"s:66:4:66:Infinity":22}}}
}
